[03-12-2025 15:11:40] [INFO] [p.e.u.s.db.DBConnection] Se ha establecido conexión con la base de datos
[03-12-2025 15:11:40] [INFO] [p.e.utp.sistemaimprenta.dao.AuditDao] Auditoría registrada [Se conectó al sistema]
[03-12-2025 15:11:43] [INFO] [p.e.u.s.controller.PaymentController] Inicializando PaymentController con datos desde la base de datos...
[03-12-2025 15:11:43] [INFO] [p.e.u.sistemaimprenta.dao.PaymentDao] Ejecutando consulta listarPagos...
[03-12-2025 15:11:44] [INFO] [p.e.u.sistemaimprenta.dao.PaymentDao] Pagos listados correctamente: 6
[03-12-2025 15:11:44] [INFO] [p.e.u.s.controller.PaymentController] Pagos cargados desde BD: 6
[03-12-2025 15:11:44] [INFO] [p.e.u.sistemaimprenta.dao.PaymentDao] Total ingresos del mes: S/ 196.0
[03-12-2025 15:11:44] [INFO] [p.e.u.sistemaimprenta.dao.PaymentDao] Pagos con estado Pendiente: 0
[03-12-2025 15:11:44] [INFO] [p.e.u.sistemaimprenta.dao.PaymentDao] Pagos con estado Pagado: 5
[03-12-2025 15:13:02] [INFO] [p.e.u.s.db.DBConnection] Se ha establecido conexión con la base de datos
[03-12-2025 15:13:02] [INFO] [p.e.utp.sistemaimprenta.dao.AuditDao] Auditoría registrada [Se conectó al sistema]
[03-12-2025 15:13:05] [INFO] [p.e.u.s.controller.PaymentController] Inicializando PaymentController con datos desde la base de datos...
[03-12-2025 15:13:05] [INFO] [p.e.u.sistemaimprenta.dao.PaymentDao] Ejecutando consulta listarPagos...
[03-12-2025 15:13:05] [INFO] [p.e.u.sistemaimprenta.dao.PaymentDao] Pagos listados correctamente: 6
[03-12-2025 15:13:05] [INFO] [p.e.u.s.controller.PaymentController] Pagos cargados desde BD: 6
[03-12-2025 15:13:05] [INFO] [p.e.u.sistemaimprenta.dao.PaymentDao] Total ingresos del mes: S/ 196.0
[03-12-2025 15:13:05] [INFO] [p.e.u.sistemaimprenta.dao.PaymentDao] Pagos con estado Pendiente: 0
[03-12-2025 15:13:05] [INFO] [p.e.u.sistemaimprenta.dao.PaymentDao] Pagos con estado Pagado: 5
[03-12-2025 15:13:22] [INFO] [p.e.u.s.controller.PaymentController] Filtrados 5 pagos con estado PAGADO
[03-12-2025 15:13:23] [INFO] [p.e.u.s.controller.PaymentController] Filtrados 0 pagos con estado PENDIENTE
[03-12-2025 15:13:25] [INFO] [p.e.u.s.controller.PaymentController] Filtrados 5 pagos con estado PAGADO
[03-12-2025 15:13:26] [INFO] [p.e.u.s.controller.PaymentController] Filtrados 0 pagos con estado PENDIENTE
[03-12-2025 15:13:32] [INFO] [p.e.u.sistemaimprenta.dao.PaymentDao] Total pagado del pedido 2: S/ 120.0
[03-12-2025 15:13:32] [INFO] [p.e.u.sistemaimprenta.dao.PaymentDao] Total pagado del pedido 1005: S/ 180.0
[03-12-2025 15:13:32] [INFO] [p.e.u.sistemaimprenta.dao.PaymentDao] Total pagado del pedido 1005: S/ 180.0
[03-12-2025 15:13:32] [INFO] [p.e.u.sistemaimprenta.dao.PaymentDao] Total pagado del pedido 1005: S/ 180.0
[03-12-2025 15:13:32] [INFO] [p.e.u.sistemaimprenta.dao.PaymentDao] Total pagado del pedido 2005: S/ 90.0
[03-12-2025 15:13:32] [INFO] [p.e.u.sistemaimprenta.dao.PaymentDao] Total pagado del pedido 2005: S/ 90.0
[03-12-2025 15:13:32] [INFO] [p.e.u.sistemaimprenta.dao.PaymentDao] Total pagado del pedido 2005: S/ 90.0
[03-12-2025 15:13:32] [INFO] [p.e.u.sistemaimprenta.dao.PaymentDao] Total pagado del pedido 2006: S/ 30.0
[03-12-2025 15:13:32] [INFO] [p.e.u.sistemaimprenta.dao.PaymentDao] Total pagado del pedido 2006: S/ 30.0
[03-12-2025 15:13:32] [INFO] [p.e.u.sistemaimprenta.dao.PaymentDao] Total pagado del pedido 2006: S/ 30.0
[03-12-2025 15:13:32] [INFO] [p.e.u.sistemaimprenta.dao.PaymentDao] Total pagado del pedido 2007: S/ 90.0
[03-12-2025 15:13:32] [INFO] [p.e.u.sistemaimprenta.dao.PaymentDao] Total pagado del pedido 2007: S/ 90.0
[03-12-2025 15:13:32] [INFO] [p.e.u.sistemaimprenta.dao.PaymentDao] Total pagado del pedido 2007: S/ 90.0
[03-12-2025 15:13:32] [INFO] [p.e.u.sistemaimprenta.dao.PaymentDao] Total pagado del pedido 2: S/ 120.0
[03-12-2025 15:13:32] [INFO] [p.e.u.sistemaimprenta.dao.PaymentDao] Total pagado del pedido 1005: S/ 180.0
[03-12-2025 15:13:32] [INFO] [p.e.u.sistemaimprenta.dao.PaymentDao] Total pagado del pedido 2005: S/ 90.0
[03-12-2025 15:13:32] [INFO] [p.e.u.sistemaimprenta.dao.PaymentDao] Total pagado del pedido 2006: S/ 30.0
[03-12-2025 15:13:32] [INFO] [p.e.u.sistemaimprenta.dao.PaymentDao] Total pagado del pedido 2007: S/ 90.0
[03-12-2025 15:13:38] [INFO] [p.e.u.sistemaimprenta.dao.PaymentDao] Ejecutando consulta listarPagos...
[03-12-2025 15:13:38] [INFO] [p.e.u.sistemaimprenta.dao.PaymentDao] Pagos listados correctamente: 6
[03-12-2025 15:13:39] [INFO] [p.e.u.s.controller.PaymentController] Inicializando PaymentController con datos desde la base de datos...
[03-12-2025 15:13:39] [INFO] [p.e.u.sistemaimprenta.dao.PaymentDao] Ejecutando consulta listarPagos...
[03-12-2025 15:13:39] [INFO] [p.e.u.sistemaimprenta.dao.PaymentDao] Pagos listados correctamente: 6
[03-12-2025 15:13:39] [INFO] [p.e.u.s.controller.PaymentController] Pagos cargados desde BD: 6
[03-12-2025 15:13:39] [INFO] [p.e.u.sistemaimprenta.dao.PaymentDao] Total ingresos del mes: S/ 196.0
[03-12-2025 15:13:39] [INFO] [p.e.u.sistemaimprenta.dao.PaymentDao] Pagos con estado Pendiente: 0
[03-12-2025 15:13:39] [INFO] [p.e.u.sistemaimprenta.dao.PaymentDao] Pagos con estado Pagado: 5
[03-12-2025 15:13:49] [INFO] [p.e.utp.sistemaimprenta.dao.AuditDao] Auditoría registrada [Se desconectó del sistema]
[03-12-2025 15:13:53] [INFO] [p.e.utp.sistemaimprenta.dao.AuditDao] Auditoría registrada [Se conectó al sistema]
[03-12-2025 15:13:59] [INFO] [p.e.u.s.controller.PaymentController] Inicializando PaymentController con datos desde la base de datos...
[03-12-2025 15:13:59] [INFO] [p.e.u.sistemaimprenta.dao.PaymentDao] Ejecutando consulta listarPagos...
[03-12-2025 15:13:59] [INFO] [p.e.u.sistemaimprenta.dao.PaymentDao] Pagos listados correctamente: 6
[03-12-2025 15:13:59] [INFO] [p.e.u.s.controller.PaymentController] Pagos cargados desde BD: 6
[03-12-2025 15:13:59] [INFO] [p.e.u.sistemaimprenta.dao.PaymentDao] Total ingresos del mes: S/ 196.0
[03-12-2025 15:13:59] [INFO] [p.e.u.sistemaimprenta.dao.PaymentDao] Pagos con estado Pendiente: 0
[03-12-2025 15:13:59] [INFO] [p.e.u.sistemaimprenta.dao.PaymentDao] Pagos con estado Pagado: 5
[03-12-2025 15:14:01] [INFO] [p.e.u.sistemaimprenta.dao.PaymentDao] Total pagado del pedido 2: S/ 120.0
[03-12-2025 15:14:01] [INFO] [p.e.u.sistemaimprenta.dao.PaymentDao] Total pagado del pedido 1005: S/ 180.0
[03-12-2025 15:14:01] [INFO] [p.e.u.sistemaimprenta.dao.PaymentDao] Total pagado del pedido 1005: S/ 180.0
[03-12-2025 15:14:01] [INFO] [p.e.u.sistemaimprenta.dao.PaymentDao] Total pagado del pedido 1005: S/ 180.0
[03-12-2025 15:14:01] [INFO] [p.e.u.sistemaimprenta.dao.PaymentDao] Total pagado del pedido 2005: S/ 90.0
[03-12-2025 15:14:01] [INFO] [p.e.u.sistemaimprenta.dao.PaymentDao] Total pagado del pedido 2005: S/ 90.0
[03-12-2025 15:14:01] [INFO] [p.e.u.sistemaimprenta.dao.PaymentDao] Total pagado del pedido 2005: S/ 90.0
[03-12-2025 15:14:01] [INFO] [p.e.u.sistemaimprenta.dao.PaymentDao] Total pagado del pedido 2006: S/ 30.0
[03-12-2025 15:14:01] [INFO] [p.e.u.sistemaimprenta.dao.PaymentDao] Total pagado del pedido 2006: S/ 30.0
[03-12-2025 15:14:01] [INFO] [p.e.u.sistemaimprenta.dao.PaymentDao] Total pagado del pedido 2006: S/ 30.0
[03-12-2025 15:14:01] [INFO] [p.e.u.sistemaimprenta.dao.PaymentDao] Total pagado del pedido 2007: S/ 90.0
[03-12-2025 15:14:01] [INFO] [p.e.u.sistemaimprenta.dao.PaymentDao] Total pagado del pedido 2007: S/ 90.0
[03-12-2025 15:14:01] [INFO] [p.e.u.sistemaimprenta.dao.PaymentDao] Total pagado del pedido 2007: S/ 90.0
[03-12-2025 15:14:01] [INFO] [p.e.u.sistemaimprenta.dao.PaymentDao] Total pagado del pedido 2: S/ 120.0
[03-12-2025 15:14:01] [INFO] [p.e.u.sistemaimprenta.dao.PaymentDao] Total pagado del pedido 1005: S/ 180.0
[03-12-2025 15:14:01] [INFO] [p.e.u.sistemaimprenta.dao.PaymentDao] Total pagado del pedido 2005: S/ 90.0
[03-12-2025 15:14:01] [INFO] [p.e.u.sistemaimprenta.dao.PaymentDao] Total pagado del pedido 2006: S/ 30.0
[03-12-2025 15:14:01] [INFO] [p.e.u.sistemaimprenta.dao.PaymentDao] Total pagado del pedido 2007: S/ 90.0
[03-12-2025 15:14:16] [INFO] [p.e.utp.sistemaimprenta.dao.AuditDao] Auditoría registrada [Registró el pedido PED-3006]
[03-12-2025 15:14:17] [INFO] [p.e.u.sistemaimprenta.dao.PaymentDao] Total pagado del pedido 3006: S/ 0.0
[03-12-2025 15:14:17] [INFO] [p.e.u.sistemaimprenta.dao.PaymentDao] Total pagado del pedido 3006: S/ 0.0
[03-12-2025 15:14:23] [INFO] [p.e.u.s.controller.PaymentController] Inicializando PaymentController con datos desde la base de datos...
[03-12-2025 15:14:23] [INFO] [p.e.u.sistemaimprenta.dao.PaymentDao] Ejecutando consulta listarPagos...
[03-12-2025 15:14:23] [INFO] [p.e.u.sistemaimprenta.dao.PaymentDao] Pagos listados correctamente: 6
[03-12-2025 15:14:23] [INFO] [p.e.u.s.controller.PaymentController] Pagos cargados desde BD: 6
[03-12-2025 15:14:23] [INFO] [p.e.u.sistemaimprenta.dao.PaymentDao] Total ingresos del mes: S/ 196.0
[03-12-2025 15:14:23] [INFO] [p.e.u.sistemaimprenta.dao.PaymentDao] Pagos con estado Pendiente: 0
[03-12-2025 15:14:23] [INFO] [p.e.u.sistemaimprenta.dao.PaymentDao] Pagos con estado Pagado: 5
[03-12-2025 15:14:25] [INFO] [p.e.u.s.controller.PaymentController] Filtrados 0 pagos con estado PENDIENTE
[03-12-2025 15:14:26] [INFO] [p.e.u.s.controller.PaymentController] Filtrados 5 pagos con estado PAGADO
[03-12-2025 15:14:27] [INFO] [p.e.u.s.controller.PaymentController] Filtrados 0 pagos con estado PENDIENTE
[03-12-2025 15:14:28] [INFO] [p.e.u.sistemaimprenta.dao.PaymentDao] Total pagado del pedido 2: S/ 120.0
[03-12-2025 15:14:28] [INFO] [p.e.u.sistemaimprenta.dao.PaymentDao] Total pagado del pedido 1005: S/ 180.0
[03-12-2025 15:14:28] [INFO] [p.e.u.sistemaimprenta.dao.PaymentDao] Total pagado del pedido 1005: S/ 180.0
[03-12-2025 15:14:28] [INFO] [p.e.u.sistemaimprenta.dao.PaymentDao] Total pagado del pedido 1005: S/ 180.0
[03-12-2025 15:14:28] [INFO] [p.e.u.sistemaimprenta.dao.PaymentDao] Total pagado del pedido 2005: S/ 90.0
[03-12-2025 15:14:28] [INFO] [p.e.u.sistemaimprenta.dao.PaymentDao] Total pagado del pedido 2005: S/ 90.0
[03-12-2025 15:14:28] [INFO] [p.e.u.sistemaimprenta.dao.PaymentDao] Total pagado del pedido 2005: S/ 90.0
[03-12-2025 15:14:29] [INFO] [p.e.u.sistemaimprenta.dao.PaymentDao] Total pagado del pedido 2006: S/ 30.0
[03-12-2025 15:14:29] [INFO] [p.e.u.sistemaimprenta.dao.PaymentDao] Total pagado del pedido 2006: S/ 30.0
[03-12-2025 15:14:29] [INFO] [p.e.u.sistemaimprenta.dao.PaymentDao] Total pagado del pedido 2006: S/ 30.0
[03-12-2025 15:14:29] [INFO] [p.e.u.sistemaimprenta.dao.PaymentDao] Total pagado del pedido 2007: S/ 90.0
[03-12-2025 15:14:29] [INFO] [p.e.u.sistemaimprenta.dao.PaymentDao] Total pagado del pedido 2007: S/ 90.0
[03-12-2025 15:14:29] [INFO] [p.e.u.sistemaimprenta.dao.PaymentDao] Total pagado del pedido 2007: S/ 90.0
[03-12-2025 15:14:29] [INFO] [p.e.u.sistemaimprenta.dao.PaymentDao] Total pagado del pedido 2: S/ 120.0
[03-12-2025 15:14:29] [INFO] [p.e.u.sistemaimprenta.dao.PaymentDao] Total pagado del pedido 1005: S/ 180.0
[03-12-2025 15:14:29] [INFO] [p.e.u.sistemaimprenta.dao.PaymentDao] Total pagado del pedido 2005: S/ 90.0
[03-12-2025 15:14:29] [INFO] [p.e.u.sistemaimprenta.dao.PaymentDao] Total pagado del pedido 2006: S/ 30.0
[03-12-2025 15:14:29] [INFO] [p.e.u.sistemaimprenta.dao.PaymentDao] Total pagado del pedido 2007: S/ 90.0
[03-12-2025 15:14:29] [INFO] [p.e.u.sistemaimprenta.dao.PaymentDao] Total pagado del pedido 3006: S/ 0.0
[03-12-2025 15:14:32] [INFO] [p.e.u.s.controller.PaymentController] Inicializando PaymentController con datos desde la base de datos...
[03-12-2025 15:14:32] [INFO] [p.e.u.sistemaimprenta.dao.PaymentDao] Ejecutando consulta listarPagos...
[03-12-2025 15:14:32] [INFO] [p.e.u.sistemaimprenta.dao.PaymentDao] Pagos listados correctamente: 6
[03-12-2025 15:14:32] [INFO] [p.e.u.s.controller.PaymentController] Pagos cargados desde BD: 6
[03-12-2025 15:14:32] [INFO] [p.e.u.sistemaimprenta.dao.PaymentDao] Total ingresos del mes: S/ 196.0
[03-12-2025 15:14:32] [INFO] [p.e.u.sistemaimprenta.dao.PaymentDao] Pagos con estado Pendiente: 0
[03-12-2025 15:14:32] [INFO] [p.e.u.sistemaimprenta.dao.PaymentDao] Pagos con estado Pagado: 5
[03-12-2025 15:14:34] [INFO] [p.e.u.sistemaimprenta.dao.PaymentDao] Ejecutando consulta listarPagos...
[03-12-2025 15:14:34] [INFO] [p.e.u.sistemaimprenta.dao.PaymentDao] Pagos listados correctamente: 6
[03-12-2025 15:14:41] [INFO] [p.e.u.sistemaimprenta.dao.PaymentDao] Total pagado del pedido 2: S/ 120.0
[03-12-2025 15:14:41] [INFO] [p.e.u.sistemaimprenta.dao.PaymentDao] Total pagado del pedido 1005: S/ 180.0
[03-12-2025 15:14:41] [INFO] [p.e.u.sistemaimprenta.dao.PaymentDao] Total pagado del pedido 1005: S/ 180.0
[03-12-2025 15:14:41] [INFO] [p.e.u.sistemaimprenta.dao.PaymentDao] Total pagado del pedido 1005: S/ 180.0
[03-12-2025 15:14:41] [INFO] [p.e.u.sistemaimprenta.dao.PaymentDao] Total pagado del pedido 2005: S/ 90.0
[03-12-2025 15:14:41] [INFO] [p.e.u.sistemaimprenta.dao.PaymentDao] Total pagado del pedido 2005: S/ 90.0
[03-12-2025 15:14:41] [INFO] [p.e.u.sistemaimprenta.dao.PaymentDao] Total pagado del pedido 2005: S/ 90.0
[03-12-2025 15:14:41] [INFO] [p.e.u.sistemaimprenta.dao.PaymentDao] Total pagado del pedido 2006: S/ 30.0
[03-12-2025 15:14:41] [INFO] [p.e.u.sistemaimprenta.dao.PaymentDao] Total pagado del pedido 2006: S/ 30.0
[03-12-2025 15:14:41] [INFO] [p.e.u.sistemaimprenta.dao.PaymentDao] Total pagado del pedido 2006: S/ 30.0
[03-12-2025 15:14:41] [INFO] [p.e.u.sistemaimprenta.dao.PaymentDao] Total pagado del pedido 2007: S/ 90.0
[03-12-2025 15:14:41] [INFO] [p.e.u.sistemaimprenta.dao.PaymentDao] Total pagado del pedido 2007: S/ 90.0
[03-12-2025 15:14:41] [INFO] [p.e.u.sistemaimprenta.dao.PaymentDao] Total pagado del pedido 2007: S/ 90.0
[03-12-2025 15:14:41] [INFO] [p.e.u.sistemaimprenta.dao.PaymentDao] Total pagado del pedido 2: S/ 120.0
[03-12-2025 15:14:41] [INFO] [p.e.u.sistemaimprenta.dao.PaymentDao] Total pagado del pedido 1005: S/ 180.0
[03-12-2025 15:14:41] [INFO] [p.e.u.sistemaimprenta.dao.PaymentDao] Total pagado del pedido 2005: S/ 90.0
[03-12-2025 15:14:41] [INFO] [p.e.u.sistemaimprenta.dao.PaymentDao] Total pagado del pedido 2006: S/ 30.0
[03-12-2025 15:14:41] [INFO] [p.e.u.sistemaimprenta.dao.PaymentDao] Total pagado del pedido 2007: S/ 90.0
[03-12-2025 15:14:41] [INFO] [p.e.u.sistemaimprenta.dao.PaymentDao] Total pagado del pedido 3006: S/ 0.0
[03-12-2025 15:14:44] [INFO] [p.e.u.s.controller.PaymentController] Inicializando PaymentController con datos desde la base de datos...
[03-12-2025 15:14:44] [INFO] [p.e.u.sistemaimprenta.dao.PaymentDao] Ejecutando consulta listarPagos...
[03-12-2025 15:14:44] [INFO] [p.e.u.sistemaimprenta.dao.PaymentDao] Pagos listados correctamente: 6
[03-12-2025 15:14:44] [INFO] [p.e.u.s.controller.PaymentController] Pagos cargados desde BD: 6
[03-12-2025 15:14:44] [INFO] [p.e.u.sistemaimprenta.dao.PaymentDao] Total ingresos del mes: S/ 196.0
[03-12-2025 15:14:44] [INFO] [p.e.u.sistemaimprenta.dao.PaymentDao] Pagos con estado Pendiente: 0
[03-12-2025 15:14:44] [INFO] [p.e.u.sistemaimprenta.dao.PaymentDao] Pagos con estado Pagado: 5
[03-12-2025 15:14:46] [INFO] [p.e.u.sistemaimprenta.dao.PaymentDao] Total pagado del pedido 2: S/ 120.0
[03-12-2025 15:14:46] [INFO] [p.e.u.sistemaimprenta.dao.PaymentDao] Total pagado del pedido 1005: S/ 180.0
[03-12-2025 15:14:46] [INFO] [p.e.u.sistemaimprenta.dao.PaymentDao] Total pagado del pedido 1005: S/ 180.0
[03-12-2025 15:14:46] [INFO] [p.e.u.sistemaimprenta.dao.PaymentDao] Total pagado del pedido 1005: S/ 180.0
[03-12-2025 15:14:46] [INFO] [p.e.u.sistemaimprenta.dao.PaymentDao] Total pagado del pedido 2005: S/ 90.0
[03-12-2025 15:14:46] [INFO] [p.e.u.sistemaimprenta.dao.PaymentDao] Total pagado del pedido 2005: S/ 90.0
[03-12-2025 15:14:46] [INFO] [p.e.u.sistemaimprenta.dao.PaymentDao] Total pagado del pedido 2005: S/ 90.0
[03-12-2025 15:14:46] [INFO] [p.e.u.sistemaimprenta.dao.PaymentDao] Total pagado del pedido 2006: S/ 30.0
[03-12-2025 15:14:46] [INFO] [p.e.u.sistemaimprenta.dao.PaymentDao] Total pagado del pedido 2006: S/ 30.0
[03-12-2025 15:14:46] [INFO] [p.e.u.sistemaimprenta.dao.PaymentDao] Total pagado del pedido 2006: S/ 30.0
[03-12-2025 15:14:46] [INFO] [p.e.u.sistemaimprenta.dao.PaymentDao] Total pagado del pedido 2007: S/ 90.0
[03-12-2025 15:14:46] [INFO] [p.e.u.sistemaimprenta.dao.PaymentDao] Total pagado del pedido 2007: S/ 90.0
[03-12-2025 15:14:46] [INFO] [p.e.u.sistemaimprenta.dao.PaymentDao] Total pagado del pedido 2007: S/ 90.0
[03-12-2025 15:14:46] [INFO] [p.e.u.sistemaimprenta.dao.PaymentDao] Total pagado del pedido 2: S/ 120.0
[03-12-2025 15:14:46] [INFO] [p.e.u.sistemaimprenta.dao.PaymentDao] Total pagado del pedido 1005: S/ 180.0
[03-12-2025 15:14:46] [INFO] [p.e.u.sistemaimprenta.dao.PaymentDao] Total pagado del pedido 2005: S/ 90.0
[03-12-2025 15:14:46] [INFO] [p.e.u.sistemaimprenta.dao.PaymentDao] Total pagado del pedido 2006: S/ 30.0
[03-12-2025 15:14:46] [INFO] [p.e.u.sistemaimprenta.dao.PaymentDao] Total pagado del pedido 2007: S/ 90.0
[03-12-2025 15:14:46] [INFO] [p.e.u.sistemaimprenta.dao.PaymentDao] Total pagado del pedido 3006: S/ 0.0
[03-12-2025 15:14:47] [INFO] [p.e.u.s.controller.PaymentController] Inicializando PaymentController con datos desde la base de datos...
[03-12-2025 15:14:47] [INFO] [p.e.u.sistemaimprenta.dao.PaymentDao] Ejecutando consulta listarPagos...
[03-12-2025 15:14:47] [INFO] [p.e.u.sistemaimprenta.dao.PaymentDao] Pagos listados correctamente: 6
[03-12-2025 15:14:47] [INFO] [p.e.u.s.controller.PaymentController] Pagos cargados desde BD: 6
[03-12-2025 15:14:47] [INFO] [p.e.u.sistemaimprenta.dao.PaymentDao] Total ingresos del mes: S/ 196.0
[03-12-2025 15:14:47] [INFO] [p.e.u.sistemaimprenta.dao.PaymentDao] Pagos con estado Pendiente: 0
[03-12-2025 15:14:47] [INFO] [p.e.u.sistemaimprenta.dao.PaymentDao] Pagos con estado Pagado: 5
[03-12-2025 15:14:48] [INFO] [p.e.u.sistemaimprenta.dao.PaymentDao] Ejecutando consulta listarPagos...
[03-12-2025 15:14:48] [INFO] [p.e.u.sistemaimprenta.dao.PaymentDao] Pagos listados correctamente: 6
[03-12-2025 15:26:00] [INFO] [p.e.u.s.db.DBConnection] Se ha establecido conexión con la base de datos
[03-12-2025 15:26:00] [INFO] [p.e.utp.sistemaimprenta.dao.AuditDao] Auditoría registrada [Se conectó al sistema]
[03-12-2025 15:26:03] [INFO] [p.e.u.s.controller.PaymentController] Inicializando PaymentController con datos desde la base de datos...
[03-12-2025 15:26:03] [INFO] [p.e.u.sistemaimprenta.dao.PaymentDao] Ejecutando consulta listarPagos...
[03-12-2025 15:26:03] [INFO] [p.e.u.sistemaimprenta.dao.PaymentDao] Pagos listados correctamente: 6
[03-12-2025 15:26:03] [INFO] [p.e.u.s.controller.PaymentController] Pagos cargados desde BD: 6
[03-12-2025 15:26:03] [INFO] [p.e.u.sistemaimprenta.dao.PaymentDao] Total ingresos del mes: S/ 196.0
[03-12-2025 15:26:03] [INFO] [p.e.u.sistemaimprenta.dao.PaymentDao] Pagos con estado Pendiente: 0
[03-12-2025 15:26:03] [INFO] [p.e.u.sistemaimprenta.dao.PaymentDao] Pagos con estado Pagado: 5
[03-12-2025 15:26:07] [INFO] [p.e.u.s.controller.PaymentController] Filtrados 1 pagos con estado PENDIENTE
[03-12-2025 15:26:13] [INFO] [p.e.u.s.controller.PaymentController] Filtrados 5 pagos con estado PAGADO
[03-12-2025 15:26:14] [INFO] [p.e.u.s.controller.PaymentController] Filtrados 1 pagos con estado PENDIENTE
[03-12-2025 15:26:18] [INFO] [p.e.u.s.controller.PaymentController] Filtrados 1 pagos con estado PENDIENTE
[03-12-2025 15:29:30] [INFO] [p.e.u.s.db.DBConnection] Se ha establecido conexión con la base de datos
[03-12-2025 15:29:30] [INFO] [p.e.utp.sistemaimprenta.dao.AuditDao] Auditoría registrada [Se conectó al sistema]
[03-12-2025 15:29:34] [INFO] [p.e.u.s.controller.PaymentController] Inicializando PaymentController con datos desde la base de datos...
[03-12-2025 15:29:34] [INFO] [p.e.u.sistemaimprenta.dao.PaymentDao] Ejecutando consulta listarPagos...
[03-12-2025 15:29:34] [INFO] [p.e.u.sistemaimprenta.dao.PaymentDao] Pagos listados correctamente: 6
[03-12-2025 15:29:34] [INFO] [p.e.u.s.controller.PaymentController] Pagos cargados desde BD: 6
[03-12-2025 15:29:34] [INFO] [p.e.u.sistemaimprenta.dao.PaymentDao] Total ingresos del mes: S/ 196.0
[03-12-2025 15:29:34] [ERROR] [p.e.u.sistemaimprenta.dao.PaymentDao] Error al contar pagos pendientes reales
com.microsoft.sqlserver.jdbc.SQLServerException: Invalid column name 'total'.
	at com.microsoft.sqlserver.jdbc.SQLServerException.makeFromDatabaseError(SQLServerException.java:276)
	at com.microsoft.sqlserver.jdbc.SQLServerStatement.getNextResult(SQLServerStatement.java:1787)
	at com.microsoft.sqlserver.jdbc.SQLServerStatement.doExecuteStatement(SQLServerStatement.java:975)
	at com.microsoft.sqlserver.jdbc.SQLServerStatement$StmtExecCmd.doExecute(SQLServerStatement.java:869)
	at com.microsoft.sqlserver.jdbc.TDSCommand.execute(IOBuffer.java:7745)
	at com.microsoft.sqlserver.jdbc.SQLServerConnection.executeCommand(SQLServerConnection.java:4700)
	at com.microsoft.sqlserver.jdbc.SQLServerStatement.executeCommand(SQLServerStatement.java:321)
	at com.microsoft.sqlserver.jdbc.SQLServerStatement.executeStatement(SQLServerStatement.java:253)
	at com.microsoft.sqlserver.jdbc.SQLServerStatement.executeQuery(SQLServerStatement.java:790)
	at pe.edu.utp.sistemaimprenta.dao.PaymentDao.contarPagosPendientesReales(PaymentDao.java:251)
	at pe.edu.utp.sistemaimprenta.controller.PaymentController.actualizarResumen(PaymentController.java:75)
	at pe.edu.utp.sistemaimprenta.controller.PaymentController.initialize(PaymentController.java:45)
	at java.base/jdk.internal.reflect.DirectMethodHandleAccessor.invoke(DirectMethodHandleAccessor.java:103)
	at java.base/java.lang.reflect.Method.invoke(Method.java:580)
	at com.sun.javafx.reflect.Trampoline.invoke(MethodUtil.java:65)
	at java.base/jdk.internal.reflect.DirectMethodHandleAccessor.invoke(DirectMethodHandleAccessor.java:103)
	at java.base/java.lang.reflect.Method.invoke(Method.java:580)
	at javafx.base@24/com.sun.javafx.reflect.MethodUtil.invoke(MethodUtil.java:112)
	at javafx.fxml@24/com.sun.javafx.fxml.MethodHelper.invoke(MethodHelper.java:78)
	at javafx.fxml@24/javafx.fxml.FXMLLoader.loadImpl(FXMLLoader.java:2658)
	at javafx.fxml@24/javafx.fxml.FXMLLoader.loadImpl(FXMLLoader.java:2533)
	at javafx.fxml@24/javafx.fxml.FXMLLoader.load(FXMLLoader.java:2503)
	at pe.edu.utp.sistemaimprenta.util.ViewLoader.changeMainPanelGetController(ViewLoader.java:95)
	at pe.edu.utp.sistemaimprenta.controller.DashboardController.lambda$createSidebarItem$0(DashboardController.java:121)
	at javafx.base@24/com.sun.javafx.event.CompositeEventHandler.dispatchBubblingEvent(CompositeEventHandler.java:86)
	at javafx.base@24/com.sun.javafx.event.EventHandlerManager.dispatchBubblingEvent(EventHandlerManager.java:232)
	at javafx.base@24/com.sun.javafx.event.EventHandlerManager.dispatchBubblingEvent(EventHandlerManager.java:189)
	at javafx.base@24/com.sun.javafx.event.CompositeEventDispatcher.dispatchBubblingEvent(CompositeEventDispatcher.java:59)
	at javafx.base@24/com.sun.javafx.event.BasicEventDispatcher.dispatchEvent(BasicEventDispatcher.java:58)
	at javafx.base@24/com.sun.javafx.event.EventDispatchChainImpl.dispatchEvent(EventDispatchChainImpl.java:114)
	at javafx.base@24/com.sun.javafx.event.BasicEventDispatcher.dispatchEvent(BasicEventDispatcher.java:56)
	at javafx.base@24/com.sun.javafx.event.EventDispatchChainImpl.dispatchEvent(EventDispatchChainImpl.java:114)
	at javafx.base@24/com.sun.javafx.event.BasicEventDispatcher.dispatchEvent(BasicEventDispatcher.java:56)
	at javafx.base@24/com.sun.javafx.event.EventDispatchChainImpl.dispatchEvent(EventDispatchChainImpl.java:114)
	at javafx.base@24/com.sun.javafx.event.EventUtil.fireEventImpl(EventUtil.java:74)
	at javafx.base@24/com.sun.javafx.event.EventUtil.fireEvent(EventUtil.java:54)
	at javafx.base@24/javafx.event.Event.fireEvent(Event.java:199)
	at javafx.graphics@24/javafx.scene.Scene$ClickGenerator.postProcess(Scene.java:3709)
	at javafx.graphics@24/javafx.scene.Scene$MouseHandler.process(Scene.java:4014)
	at javafx.graphics@24/javafx.scene.Scene.processMouseEvent(Scene.java:1934)
	at javafx.graphics@24/javafx.scene.Scene$ScenePeerListener.mouseEvent(Scene.java:2763)
	at javafx.graphics@24/com.sun.javafx.tk.quantum.GlassViewEventHandler$MouseEventNotification.get(GlassViewEventHandler.java:352)
	at javafx.graphics@24/com.sun.javafx.tk.quantum.GlassViewEventHandler$MouseEventNotification.get(GlassViewEventHandler.java:254)
	at javafx.graphics@24/com.sun.javafx.tk.quantum.QuantumToolkit.runWithoutRenderLock(QuantumToolkit.java:424)
	at javafx.graphics@24/com.sun.javafx.tk.quantum.GlassViewEventHandler.handleMouseEvent(GlassViewEventHandler.java:386)
	at javafx.graphics@24/com.sun.glass.ui.View.handleMouseEvent(View.java:560)
	at javafx.graphics@24/com.sun.glass.ui.View.notifyMouse(View.java:946)
	at javafx.graphics@24/com.sun.glass.ui.win.WinApplication._runLoop(Native Method)
	at javafx.graphics@24/com.sun.glass.ui.win.WinApplication.lambda$runLoop$0(WinApplication.java:168)
	at java.base/java.lang.Thread.run(Thread.java:1575)
[03-12-2025 15:29:34] [INFO] [p.e.u.sistemaimprenta.dao.PaymentDao] Pagos con estado Pagado: 5
[03-12-2025 15:29:38] [INFO] [p.e.u.s.controller.PaymentController] Filtrados 1 pagos con estado PENDIENTE
[03-12-2025 15:29:39] [INFO] [p.e.u.s.controller.PaymentController] Filtrados 5 pagos con estado PAGADO
[03-12-2025 15:29:41] [INFO] [p.e.u.s.controller.PaymentController] Filtrados 1 pagos con estado PENDIENTE
[03-12-2025 15:30:57] [INFO] [p.e.u.s.db.DBConnection] Se ha establecido conexión con la base de datos
[03-12-2025 15:30:57] [INFO] [p.e.utp.sistemaimprenta.dao.AuditDao] Auditoría registrada [Se conectó al sistema]
[03-12-2025 15:30:59] [INFO] [p.e.u.s.controller.PaymentController] Inicializando PaymentController con datos desde la base de datos...
[03-12-2025 15:30:59] [INFO] [p.e.u.sistemaimprenta.dao.PaymentDao] Ejecutando consulta listarPagos...
[03-12-2025 15:30:59] [INFO] [p.e.u.sistemaimprenta.dao.PaymentDao] Pagos listados correctamente: 6
[03-12-2025 15:30:59] [INFO] [p.e.u.s.controller.PaymentController] Pagos cargados desde BD: 6
[03-12-2025 15:30:59] [INFO] [p.e.u.sistemaimprenta.dao.PaymentDao] Total ingresos del mes: S/ 196.0
[03-12-2025 15:30:59] [ERROR] [p.e.u.sistemaimprenta.dao.PaymentDao] Error al contar pagos pendientes reales
com.microsoft.sqlserver.jdbc.SQLServerException: Invalid column name 'total'.
	at com.microsoft.sqlserver.jdbc.SQLServerException.makeFromDatabaseError(SQLServerException.java:276)
	at com.microsoft.sqlserver.jdbc.SQLServerStatement.getNextResult(SQLServerStatement.java:1787)
	at com.microsoft.sqlserver.jdbc.SQLServerStatement.doExecuteStatement(SQLServerStatement.java:975)
	at com.microsoft.sqlserver.jdbc.SQLServerStatement$StmtExecCmd.doExecute(SQLServerStatement.java:869)
	at com.microsoft.sqlserver.jdbc.TDSCommand.execute(IOBuffer.java:7745)
	at com.microsoft.sqlserver.jdbc.SQLServerConnection.executeCommand(SQLServerConnection.java:4700)
	at com.microsoft.sqlserver.jdbc.SQLServerStatement.executeCommand(SQLServerStatement.java:321)
	at com.microsoft.sqlserver.jdbc.SQLServerStatement.executeStatement(SQLServerStatement.java:253)
	at com.microsoft.sqlserver.jdbc.SQLServerStatement.executeQuery(SQLServerStatement.java:790)
	at pe.edu.utp.sistemaimprenta.dao.PaymentDao.contarPagosPendientesReales(PaymentDao.java:251)
	at pe.edu.utp.sistemaimprenta.controller.PaymentController.actualizarResumen(PaymentController.java:75)
	at pe.edu.utp.sistemaimprenta.controller.PaymentController.initialize(PaymentController.java:45)
	at java.base/jdk.internal.reflect.DirectMethodHandleAccessor.invoke(DirectMethodHandleAccessor.java:103)
	at java.base/java.lang.reflect.Method.invoke(Method.java:580)
	at com.sun.javafx.reflect.Trampoline.invoke(MethodUtil.java:65)
	at java.base/jdk.internal.reflect.DirectMethodHandleAccessor.invoke(DirectMethodHandleAccessor.java:103)
	at java.base/java.lang.reflect.Method.invoke(Method.java:580)
	at javafx.base@24/com.sun.javafx.reflect.MethodUtil.invoke(MethodUtil.java:112)
	at javafx.fxml@24/com.sun.javafx.fxml.MethodHelper.invoke(MethodHelper.java:78)
	at javafx.fxml@24/javafx.fxml.FXMLLoader.loadImpl(FXMLLoader.java:2658)
	at javafx.fxml@24/javafx.fxml.FXMLLoader.loadImpl(FXMLLoader.java:2533)
	at javafx.fxml@24/javafx.fxml.FXMLLoader.load(FXMLLoader.java:2503)
	at pe.edu.utp.sistemaimprenta.util.ViewLoader.changeMainPanelGetController(ViewLoader.java:95)
	at pe.edu.utp.sistemaimprenta.controller.DashboardController.lambda$createSidebarItem$0(DashboardController.java:121)
	at javafx.base@24/com.sun.javafx.event.CompositeEventHandler.dispatchBubblingEvent(CompositeEventHandler.java:86)
	at javafx.base@24/com.sun.javafx.event.EventHandlerManager.dispatchBubblingEvent(EventHandlerManager.java:232)
	at javafx.base@24/com.sun.javafx.event.EventHandlerManager.dispatchBubblingEvent(EventHandlerManager.java:189)
	at javafx.base@24/com.sun.javafx.event.CompositeEventDispatcher.dispatchBubblingEvent(CompositeEventDispatcher.java:59)
	at javafx.base@24/com.sun.javafx.event.BasicEventDispatcher.dispatchEvent(BasicEventDispatcher.java:58)
	at javafx.base@24/com.sun.javafx.event.EventDispatchChainImpl.dispatchEvent(EventDispatchChainImpl.java:114)
	at javafx.base@24/com.sun.javafx.event.BasicEventDispatcher.dispatchEvent(BasicEventDispatcher.java:56)
	at javafx.base@24/com.sun.javafx.event.EventDispatchChainImpl.dispatchEvent(EventDispatchChainImpl.java:114)
	at javafx.base@24/com.sun.javafx.event.BasicEventDispatcher.dispatchEvent(BasicEventDispatcher.java:56)
	at javafx.base@24/com.sun.javafx.event.EventDispatchChainImpl.dispatchEvent(EventDispatchChainImpl.java:114)
	at javafx.base@24/com.sun.javafx.event.EventUtil.fireEventImpl(EventUtil.java:74)
	at javafx.base@24/com.sun.javafx.event.EventUtil.fireEvent(EventUtil.java:54)
	at javafx.base@24/javafx.event.Event.fireEvent(Event.java:199)
	at javafx.graphics@24/javafx.scene.Scene$ClickGenerator.postProcess(Scene.java:3709)
	at javafx.graphics@24/javafx.scene.Scene$MouseHandler.process(Scene.java:4014)
	at javafx.graphics@24/javafx.scene.Scene.processMouseEvent(Scene.java:1934)
	at javafx.graphics@24/javafx.scene.Scene$ScenePeerListener.mouseEvent(Scene.java:2763)
	at javafx.graphics@24/com.sun.javafx.tk.quantum.GlassViewEventHandler$MouseEventNotification.get(GlassViewEventHandler.java:352)
	at javafx.graphics@24/com.sun.javafx.tk.quantum.GlassViewEventHandler$MouseEventNotification.get(GlassViewEventHandler.java:254)
	at javafx.graphics@24/com.sun.javafx.tk.quantum.QuantumToolkit.runWithoutRenderLock(QuantumToolkit.java:424)
	at javafx.graphics@24/com.sun.javafx.tk.quantum.GlassViewEventHandler.handleMouseEvent(GlassViewEventHandler.java:386)
	at javafx.graphics@24/com.sun.glass.ui.View.handleMouseEvent(View.java:560)
	at javafx.graphics@24/com.sun.glass.ui.View.notifyMouse(View.java:946)
	at javafx.graphics@24/com.sun.glass.ui.win.WinApplication._runLoop(Native Method)
	at javafx.graphics@24/com.sun.glass.ui.win.WinApplication.lambda$runLoop$0(WinApplication.java:168)
	at java.base/java.lang.Thread.run(Thread.java:1575)
[03-12-2025 15:30:59] [INFO] [p.e.u.sistemaimprenta.dao.PaymentDao] Pagos con estado Pagado: 5
[03-12-2025 15:31:11] [INFO] [p.e.u.s.controller.PaymentController] Filtrados 1 pagos con estado PENDIENTE
[03-12-2025 15:31:13] [INFO] [p.e.u.s.controller.PaymentController] Filtrados 5 pagos con estado PAGADO
[03-12-2025 15:31:19] [INFO] [p.e.u.s.controller.PaymentController] Filtrados 1 pagos con estado PENDIENTE
[03-12-2025 15:35:03] [INFO] [p.e.u.s.db.DBConnection] Se ha establecido conexión con la base de datos
[03-12-2025 15:35:03] [INFO] [p.e.utp.sistemaimprenta.dao.AuditDao] Auditoría registrada [Se conectó al sistema]
[03-12-2025 15:35:05] [INFO] [p.e.u.s.controller.PaymentController] Inicializando PaymentController con datos desde la base de datos...
[03-12-2025 15:35:05] [INFO] [p.e.u.sistemaimprenta.dao.PaymentDao] Ejecutando consulta listarPagos...
[03-12-2025 15:35:05] [INFO] [p.e.u.sistemaimprenta.dao.PaymentDao] Pagos listados correctamente: 6
[03-12-2025 15:35:05] [INFO] [p.e.u.s.controller.PaymentController] Pagos cargados desde BD: 6
[03-12-2025 15:35:05] [INFO] [p.e.u.sistemaimprenta.dao.PaymentDao] Total ingresos del mes: S/ 196.0
[03-12-2025 15:35:05] [INFO] [p.e.u.sistemaimprenta.dao.PaymentDao] Total pendientes (reales): 1
[03-12-2025 15:35:05] [INFO] [p.e.u.sistemaimprenta.dao.PaymentDao] Pagos con estado Pagado: 5
[03-12-2025 15:35:11] [INFO] [p.e.u.sistemaimprenta.dao.PaymentDao] Total pagado del pedido 2: S/ 120.0
[03-12-2025 15:35:11] [INFO] [p.e.u.sistemaimprenta.dao.PaymentDao] Total pagado del pedido 1005: S/ 180.0
[03-12-2025 15:35:11] [INFO] [p.e.u.sistemaimprenta.dao.PaymentDao] Total pagado del pedido 1005: S/ 180.0
[03-12-2025 15:35:11] [INFO] [p.e.u.sistemaimprenta.dao.PaymentDao] Total pagado del pedido 1005: S/ 180.0
[03-12-2025 15:35:11] [INFO] [p.e.u.sistemaimprenta.dao.PaymentDao] Total pagado del pedido 2005: S/ 90.0
[03-12-2025 15:35:11] [INFO] [p.e.u.sistemaimprenta.dao.PaymentDao] Total pagado del pedido 2005: S/ 90.0
[03-12-2025 15:35:11] [INFO] [p.e.u.sistemaimprenta.dao.PaymentDao] Total pagado del pedido 2005: S/ 90.0
[03-12-2025 15:35:12] [INFO] [p.e.u.sistemaimprenta.dao.PaymentDao] Total pagado del pedido 2006: S/ 30.0
[03-12-2025 15:35:12] [INFO] [p.e.u.sistemaimprenta.dao.PaymentDao] Total pagado del pedido 2006: S/ 30.0
[03-12-2025 15:35:12] [INFO] [p.e.u.sistemaimprenta.dao.PaymentDao] Total pagado del pedido 2006: S/ 30.0
[03-12-2025 15:35:12] [INFO] [p.e.u.sistemaimprenta.dao.PaymentDao] Total pagado del pedido 2007: S/ 90.0
[03-12-2025 15:35:12] [INFO] [p.e.u.sistemaimprenta.dao.PaymentDao] Total pagado del pedido 2007: S/ 90.0
[03-12-2025 15:35:12] [INFO] [p.e.u.sistemaimprenta.dao.PaymentDao] Total pagado del pedido 2007: S/ 90.0
[03-12-2025 15:35:12] [INFO] [p.e.u.sistemaimprenta.dao.PaymentDao] Total pagado del pedido 2: S/ 120.0
[03-12-2025 15:35:12] [INFO] [p.e.u.sistemaimprenta.dao.PaymentDao] Total pagado del pedido 1005: S/ 180.0
[03-12-2025 15:35:12] [INFO] [p.e.u.sistemaimprenta.dao.PaymentDao] Total pagado del pedido 2005: S/ 90.0
[03-12-2025 15:35:12] [INFO] [p.e.u.sistemaimprenta.dao.PaymentDao] Total pagado del pedido 2006: S/ 30.0
[03-12-2025 15:35:12] [INFO] [p.e.u.sistemaimprenta.dao.PaymentDao] Total pagado del pedido 2007: S/ 90.0
[03-12-2025 15:35:12] [INFO] [p.e.u.sistemaimprenta.dao.PaymentDao] Total pagado del pedido 3006: S/ 0.0
[03-12-2025 15:35:15] [INFO] [p.e.utp.sistemaimprenta.dao.AuditDao] Auditoría registrada [Se desconectó del sistema]
[03-12-2025 15:35:19] [INFO] [p.e.utp.sistemaimprenta.dao.AuditDao] Auditoría registrada [Se conectó al sistema]
[03-12-2025 15:35:21] [INFO] [p.e.u.sistemaimprenta.dao.PaymentDao] Total pagado del pedido 2: S/ 120.0
[03-12-2025 15:35:21] [INFO] [p.e.u.sistemaimprenta.dao.PaymentDao] Total pagado del pedido 1005: S/ 180.0
[03-12-2025 15:35:21] [INFO] [p.e.u.sistemaimprenta.dao.PaymentDao] Total pagado del pedido 1005: S/ 180.0
[03-12-2025 15:35:21] [INFO] [p.e.u.sistemaimprenta.dao.PaymentDao] Total pagado del pedido 1005: S/ 180.0
[03-12-2025 15:35:21] [INFO] [p.e.u.sistemaimprenta.dao.PaymentDao] Total pagado del pedido 2005: S/ 90.0
[03-12-2025 15:35:21] [INFO] [p.e.u.sistemaimprenta.dao.PaymentDao] Total pagado del pedido 2005: S/ 90.0
[03-12-2025 15:35:21] [INFO] [p.e.u.sistemaimprenta.dao.PaymentDao] Total pagado del pedido 2005: S/ 90.0
[03-12-2025 15:35:21] [INFO] [p.e.u.sistemaimprenta.dao.PaymentDao] Total pagado del pedido 2006: S/ 30.0
[03-12-2025 15:35:21] [INFO] [p.e.u.sistemaimprenta.dao.PaymentDao] Total pagado del pedido 2006: S/ 30.0
[03-12-2025 15:35:21] [INFO] [p.e.u.sistemaimprenta.dao.PaymentDao] Total pagado del pedido 2006: S/ 30.0
[03-12-2025 15:35:21] [INFO] [p.e.u.sistemaimprenta.dao.PaymentDao] Total pagado del pedido 2007: S/ 90.0
[03-12-2025 15:35:21] [INFO] [p.e.u.sistemaimprenta.dao.PaymentDao] Total pagado del pedido 2007: S/ 90.0
[03-12-2025 15:35:21] [INFO] [p.e.u.sistemaimprenta.dao.PaymentDao] Total pagado del pedido 2007: S/ 90.0
[03-12-2025 15:35:21] [INFO] [p.e.u.sistemaimprenta.dao.PaymentDao] Total pagado del pedido 2: S/ 120.0
[03-12-2025 15:35:21] [INFO] [p.e.u.sistemaimprenta.dao.PaymentDao] Total pagado del pedido 1005: S/ 180.0
[03-12-2025 15:35:21] [INFO] [p.e.u.sistemaimprenta.dao.PaymentDao] Total pagado del pedido 2005: S/ 90.0
[03-12-2025 15:35:21] [INFO] [p.e.u.sistemaimprenta.dao.PaymentDao] Total pagado del pedido 2006: S/ 30.0
[03-12-2025 15:35:21] [INFO] [p.e.u.sistemaimprenta.dao.PaymentDao] Total pagado del pedido 2007: S/ 90.0
[03-12-2025 15:35:21] [INFO] [p.e.u.sistemaimprenta.dao.PaymentDao] Total pagado del pedido 3006: S/ 0.0
[03-12-2025 15:35:32] [INFO] [p.e.utp.sistemaimprenta.dao.AuditDao] Auditoría registrada [Registró el pedido PED-3007]
[03-12-2025 15:35:33] [INFO] [p.e.u.sistemaimprenta.dao.PaymentDao] Total pagado del pedido 3007: S/ 0.0
[03-12-2025 15:35:33] [INFO] [p.e.u.sistemaimprenta.dao.PaymentDao] Total pagado del pedido 3007: S/ 0.0
[03-12-2025 15:35:34] [INFO] [p.e.u.s.controller.PaymentController] Inicializando PaymentController con datos desde la base de datos...
[03-12-2025 15:35:34] [INFO] [p.e.u.sistemaimprenta.dao.PaymentDao] Ejecutando consulta listarPagos...
[03-12-2025 15:35:34] [INFO] [p.e.u.sistemaimprenta.dao.PaymentDao] Pagos listados correctamente: 6
[03-12-2025 15:35:34] [INFO] [p.e.u.s.controller.PaymentController] Pagos cargados desde BD: 6
[03-12-2025 15:35:34] [INFO] [p.e.u.sistemaimprenta.dao.PaymentDao] Total ingresos del mes: S/ 196.0
[03-12-2025 15:35:34] [INFO] [p.e.u.sistemaimprenta.dao.PaymentDao] Total pendientes (reales): 2
[03-12-2025 15:35:34] [INFO] [p.e.u.sistemaimprenta.dao.PaymentDao] Pagos con estado Pagado: 5
[03-12-2025 15:36:33] [INFO] [p.e.u.s.db.DBConnection] Se ha establecido conexión con la base de datos
[03-12-2025 15:36:33] [INFO] [p.e.utp.sistemaimprenta.dao.AuditDao] Auditoría registrada [Se conectó al sistema]
[03-12-2025 15:36:36] [INFO] [p.e.u.sistemaimprenta.dao.PaymentDao] Ejecutando consulta listarPagos...
[03-12-2025 15:36:36] [INFO] [p.e.u.sistemaimprenta.dao.PaymentDao] Pagos listados correctamente: 6
[03-12-2025 16:06:56] [INFO] [p.e.u.s.db.DBConnection] Se ha establecido conexión con la base de datos
[03-12-2025 16:06:56] [INFO] [p.e.utp.sistemaimprenta.dao.AuditDao] Auditoría registrada [Se conectó al sistema]
[03-12-2025 16:06:58] [ERROR] [p.e.u.s.util.ViewLoader] Error al cambiar panel con controlador "/views/ReportPane.fxml"
javafx.fxml.LoadException: 
/C:/Users/javie/OneDrive/Documentos/NetBeansProjects/SistemaImprenta/target/classes/views/ReportPane.fxml

	at javafx.fxml@24/javafx.fxml.FXMLLoader.constructLoadException(FXMLLoader.java:2692)
	at javafx.fxml@24/javafx.fxml.FXMLLoader.loadImpl(FXMLLoader.java:2635)
	at javafx.fxml@24/javafx.fxml.FXMLLoader.loadImpl(FXMLLoader.java:2533)
	at javafx.fxml@24/javafx.fxml.FXMLLoader.load(FXMLLoader.java:2503)
	at pe.edu.utp.sistemaimprenta.util.ViewLoader.changeMainPanelGetController(ViewLoader.java:95)
	at pe.edu.utp.sistemaimprenta.controller.DashboardController.lambda$createSidebarItem$0(DashboardController.java:121)
	at javafx.base@24/com.sun.javafx.event.CompositeEventHandler.dispatchBubblingEvent(CompositeEventHandler.java:86)
	at javafx.base@24/com.sun.javafx.event.EventHandlerManager.dispatchBubblingEvent(EventHandlerManager.java:232)
	at javafx.base@24/com.sun.javafx.event.EventHandlerManager.dispatchBubblingEvent(EventHandlerManager.java:189)
	at javafx.base@24/com.sun.javafx.event.CompositeEventDispatcher.dispatchBubblingEvent(CompositeEventDispatcher.java:59)
	at javafx.base@24/com.sun.javafx.event.BasicEventDispatcher.dispatchEvent(BasicEventDispatcher.java:58)
	at javafx.base@24/com.sun.javafx.event.EventDispatchChainImpl.dispatchEvent(EventDispatchChainImpl.java:114)
	at javafx.base@24/com.sun.javafx.event.BasicEventDispatcher.dispatchEvent(BasicEventDispatcher.java:56)
	at javafx.base@24/com.sun.javafx.event.EventDispatchChainImpl.dispatchEvent(EventDispatchChainImpl.java:114)
	at javafx.base@24/com.sun.javafx.event.BasicEventDispatcher.dispatchEvent(BasicEventDispatcher.java:56)
	at javafx.base@24/com.sun.javafx.event.EventDispatchChainImpl.dispatchEvent(EventDispatchChainImpl.java:114)
	at javafx.base@24/com.sun.javafx.event.EventUtil.fireEventImpl(EventUtil.java:74)
	at javafx.base@24/com.sun.javafx.event.EventUtil.fireEvent(EventUtil.java:54)
	at javafx.base@24/javafx.event.Event.fireEvent(Event.java:199)
	at javafx.graphics@24/javafx.scene.Scene$ClickGenerator.postProcess(Scene.java:3709)
	at javafx.graphics@24/javafx.scene.Scene$MouseHandler.process(Scene.java:4014)
	at javafx.graphics@24/javafx.scene.Scene.processMouseEvent(Scene.java:1934)
	at javafx.graphics@24/javafx.scene.Scene$ScenePeerListener.mouseEvent(Scene.java:2763)
	at javafx.graphics@24/com.sun.javafx.tk.quantum.GlassViewEventHandler$MouseEventNotification.get(GlassViewEventHandler.java:352)
	at javafx.graphics@24/com.sun.javafx.tk.quantum.GlassViewEventHandler$MouseEventNotification.get(GlassViewEventHandler.java:254)
	at javafx.graphics@24/com.sun.javafx.tk.quantum.QuantumToolkit.runWithoutRenderLock(QuantumToolkit.java:424)
	at javafx.graphics@24/com.sun.javafx.tk.quantum.GlassViewEventHandler.handleMouseEvent(GlassViewEventHandler.java:386)
	at javafx.graphics@24/com.sun.glass.ui.View.handleMouseEvent(View.java:560)
	at javafx.graphics@24/com.sun.glass.ui.View.notifyMouse(View.java:946)
	at javafx.graphics@24/com.sun.glass.ui.win.WinApplication._runLoop(Native Method)
	at javafx.graphics@24/com.sun.glass.ui.win.WinApplication.lambda$runLoop$0(WinApplication.java:168)
	at java.base/java.lang.Thread.run(Thread.java:1575)
Caused by: javax.xml.stream.XMLStreamException: ParseError at [row,col]:[1,1]
Message: El contenido no está permitido en el prólogo.
	at java.xml/com.sun.org.apache.xerces.internal.impl.XMLStreamReaderImpl.next(XMLStreamReaderImpl.java:652)
	at java.xml/javax.xml.stream.util.StreamReaderDelegate.next(StreamReaderDelegate.java:84)
	at javafx.fxml@24/javafx.fxml.FXMLLoader.loadImpl(FXMLLoader.java:2605)
	... 30 common frames omitted
[03-12-2025 16:08:28] [INFO] [p.e.u.s.db.DBConnection] Se ha establecido conexión con la base de datos
[03-12-2025 16:08:28] [INFO] [p.e.utp.sistemaimprenta.dao.AuditDao] Auditoría registrada [Se conectó al sistema]
[03-12-2025 16:08:31] [ERROR] [p.e.u.s.util.ViewLoader] Error al cambiar panel con controlador "/views/ReportPane.fxml"
javafx.fxml.LoadException: 
/C:/Users/javie/OneDrive/Documentos/NetBeansProjects/SistemaImprenta/target/classes/views/ReportPane.fxml

	at javafx.fxml@24/javafx.fxml.FXMLLoader.constructLoadException(FXMLLoader.java:2692)
	at javafx.fxml@24/javafx.fxml.FXMLLoader.loadImpl(FXMLLoader.java:2670)
	at javafx.fxml@24/javafx.fxml.FXMLLoader.loadImpl(FXMLLoader.java:2533)
	at javafx.fxml@24/javafx.fxml.FXMLLoader.load(FXMLLoader.java:2503)
	at pe.edu.utp.sistemaimprenta.util.ViewLoader.changeMainPanelGetController(ViewLoader.java:95)
	at pe.edu.utp.sistemaimprenta.controller.DashboardController.lambda$createSidebarItem$0(DashboardController.java:121)
	at javafx.base@24/com.sun.javafx.event.CompositeEventHandler.dispatchBubblingEvent(CompositeEventHandler.java:86)
	at javafx.base@24/com.sun.javafx.event.EventHandlerManager.dispatchBubblingEvent(EventHandlerManager.java:232)
	at javafx.base@24/com.sun.javafx.event.EventHandlerManager.dispatchBubblingEvent(EventHandlerManager.java:189)
	at javafx.base@24/com.sun.javafx.event.CompositeEventDispatcher.dispatchBubblingEvent(CompositeEventDispatcher.java:59)
	at javafx.base@24/com.sun.javafx.event.BasicEventDispatcher.dispatchEvent(BasicEventDispatcher.java:58)
	at javafx.base@24/com.sun.javafx.event.EventDispatchChainImpl.dispatchEvent(EventDispatchChainImpl.java:114)
	at javafx.base@24/com.sun.javafx.event.BasicEventDispatcher.dispatchEvent(BasicEventDispatcher.java:56)
	at javafx.base@24/com.sun.javafx.event.EventDispatchChainImpl.dispatchEvent(EventDispatchChainImpl.java:114)
	at javafx.base@24/com.sun.javafx.event.BasicEventDispatcher.dispatchEvent(BasicEventDispatcher.java:56)
	at javafx.base@24/com.sun.javafx.event.EventDispatchChainImpl.dispatchEvent(EventDispatchChainImpl.java:114)
	at javafx.base@24/com.sun.javafx.event.EventUtil.fireEventImpl(EventUtil.java:74)
	at javafx.base@24/com.sun.javafx.event.EventUtil.fireEvent(EventUtil.java:54)
	at javafx.base@24/javafx.event.Event.fireEvent(Event.java:199)
	at javafx.graphics@24/javafx.scene.Scene$ClickGenerator.postProcess(Scene.java:3709)
	at javafx.graphics@24/javafx.scene.Scene$MouseHandler.process(Scene.java:4014)
	at javafx.graphics@24/javafx.scene.Scene.processMouseEvent(Scene.java:1934)
	at javafx.graphics@24/javafx.scene.Scene$ScenePeerListener.mouseEvent(Scene.java:2763)
	at javafx.graphics@24/com.sun.javafx.tk.quantum.GlassViewEventHandler$MouseEventNotification.get(GlassViewEventHandler.java:352)
	at javafx.graphics@24/com.sun.javafx.tk.quantum.GlassViewEventHandler$MouseEventNotification.get(GlassViewEventHandler.java:254)
	at javafx.graphics@24/com.sun.javafx.tk.quantum.QuantumToolkit.runWithoutRenderLock(QuantumToolkit.java:424)
	at javafx.graphics@24/com.sun.javafx.tk.quantum.GlassViewEventHandler.handleMouseEvent(GlassViewEventHandler.java:386)
	at javafx.graphics@24/com.sun.glass.ui.View.handleMouseEvent(View.java:560)
	at javafx.graphics@24/com.sun.glass.ui.View.notifyMouse(View.java:946)
	at javafx.graphics@24/com.sun.glass.ui.win.WinApplication._runLoop(Native Method)
	at javafx.graphics@24/com.sun.glass.ui.win.WinApplication.lambda$runLoop$0(WinApplication.java:168)
	at java.base/java.lang.Thread.run(Thread.java:1575)
Caused by: java.lang.ClassCastException: class java.lang.Integer cannot be cast to class java.lang.Long (java.lang.Integer and java.lang.Long are in module java.base of loader 'bootstrap')
	at pe.edu.utp.sistemaimprenta.controller.ReportController.cargarReporteProductos(ReportController.java:343)
	at pe.edu.utp.sistemaimprenta.controller.ReportController.initialize(ReportController.java:130)
	at javafx.fxml@24/javafx.fxml.FXMLLoader.loadImpl(FXMLLoader.java:2640)
	... 30 common frames omitted
[03-12-2025 16:11:34] [INFO] [p.e.u.s.db.DBConnection] Se ha establecido conexión con la base de datos
[03-12-2025 16:11:35] [INFO] [p.e.utp.sistemaimprenta.dao.AuditDao] Auditoría registrada [Se conectó al sistema]
[03-12-2025 16:11:37] [INFO] [p.e.u.sistemaimprenta.dao.PaymentDao] Ejecutando consulta listarPagos...
[03-12-2025 16:11:37] [INFO] [p.e.u.sistemaimprenta.dao.PaymentDao] Pagos listados correctamente: 6
